<?xml version="1.0" encoding="UTF-8"?>
<!-- Generated by org.testng.reporters.JUnitReportReporter -->
<testsuite hostname="DESKTOP-0VLAUKB" failures="0" tests="1" name="com.hrms.testscrips.TC004_EdtEmp" time="8.956" errors="0" timestamp="2024-03-13T11:50:10 IST" skipped="0">
  <testcase classname="com.hrms.testscrips.TC004_EdtEmp" name="TC004" time="8.956"/>
  <system-out/>
</testsuite> <!-- com.hrms.testscrips.TC004_EdtEmp -->
