<?xml version="1.0" encoding="UTF-8"?>
<!-- Generated by org.testng.reporters.JUnitReportReporter -->
<testsuite hostname="DESKTOP-0VLAUKB" failures="0" tests="1" name="com.hrms.testscrips.TC002_AddEmp" time="7.719" errors="0" timestamp="13 Mar 2024 05:53:26 GMT">
  <testcase classname="com.hrms.testscrips.TC002_AddEmp" name="TC002" time="7.719"/>
</testsuite> <!-- com.hrms.testscrips.TC002_AddEmp -->
