<?xml version="1.0" encoding="UTF-8"?>
<!-- Generated by org.testng.reporters.JUnitReportReporter -->
<testsuite hostname="DESKTOP-0VLAUKB" failures="0" tests="1" name="com.hrms.testscrips.TC001_LL" time="33.764" errors="0" timestamp="2024-03-13T11:50:10 IST" skipped="0">
  <testcase classname="com.hrms.testscrips.TC001_LL" name="tc001" time="33.764"/>
  <system-out/>
</testsuite> <!-- com.hrms.testscrips.TC001_LL -->
